2026-05-11 09:59:38.498 [restartedMain] INFO  c.c.i.ItConsultancyApplication - [, ] - Starting ItConsultancyApplication using Java 21.0.8 with PID 12316 (C:\Users\yraja\Desktop\it-consultancy\target\classes started by yraja in C:\Users\yraja\Desktop\it-consultancy)
2026-05-11 09:59:38.509 [restartedMain] DEBUG c.c.i.ItConsultancyApplication - [, ] - Running with Spring Boot v4.0.5, Spring v7.0.6
2026-05-11 09:59:38.509 [restartedMain] INFO  c.c.i.ItConsultancyApplication - [, ] - No active profile set, falling back to 1 default profile: "dev"
2026-05-11 09:59:38.611 [restartedMain] INFO  o.s.b.d.e.DevToolsPropertyDefaultsPostProcessor - [, ] - Devtools property defaults active! Set 'spring.devtools.add-properties' to 'false' to disable
2026-05-11 09:59:38.611 [restartedMain] INFO  o.s.b.d.e.DevToolsPropertyDefaultsPostProcessor - [, ] - For additional web related logging consider setting the 'logging.level.web' property to 'DEBUG'
2026-05-11 09:59:40.500 [restartedMain] INFO  o.s.d.r.c.RepositoryConfigurationDelegate - [, ] - Bootstrapping Spring Data JPA repositories in DEFAULT mode.
2026-05-11 09:59:40.625 [restartedMain] INFO  o.s.d.r.c.RepositoryConfigurationDelegate - [, ] - Finished Spring Data repository scanning in 108 ms. Found 5 JPA repository interfaces.
2026-05-11 09:59:41.762 [restartedMain] INFO  o.s.boot.tomcat.TomcatWebServer - [, ] - Tomcat initialized with port 8080 (http)
2026-05-11 09:59:41.784 [restartedMain] INFO  o.a.catalina.core.StandardService - [, ] - Starting service [Tomcat]
2026-05-11 09:59:41.784 [restartedMain] INFO  o.a.catalina.core.StandardEngine - [, ] - Starting Servlet engine: [Apache Tomcat/11.0.20]
2026-05-11 09:59:41.867 [restartedMain] INFO  o.s.b.w.c.s.WebApplicationContextInitializer - [, ] - Root WebApplicationContext: initialization completed in 3255 ms
2026-05-11 09:59:42.038 [restartedMain] ERROR o.s.b.t.s.DeferredServletContainerInitializers - [, ] - Error starting Tomcat context. Exception: org.springframework.beans.factory.UnsatisfiedDependencyException. Message: Error creating bean with name 'jwtAuthenticationFilter' defined in file [C:\Users\yraja\Desktop\it-consultancy\target\classes\com\codegravity\itconsultancy\security\JwtAuthenticationFilter.class]: Unsatisfied dependency expressed through constructor parameter 0: Error creating bean with name 'jwtTokenProvider': Injection of autowired dependencies failed
2026-05-11 09:59:42.076 [restartedMain] INFO  o.a.catalina.core.StandardService - [, ] - Stopping service [Tomcat]
2026-05-11 09:59:42.093 [restartedMain] WARN  o.s.b.w.s.s.c.AnnotationConfigServletWebServerApplicationContext - [, ] - Exception encountered during context initialization - cancelling refresh attempt: org.springframework.context.ApplicationContextException: Unable to start web server
2026-05-11 09:59:42.108 [restartedMain] INFO  o.s.b.a.l.ConditionEvaluationReportLogger - [, ] - 

Error starting ApplicationContext. To display the condition evaluation report re-run your application with 'debug' enabled.
2026-05-11 09:59:42.132 [restartedMain] ERROR o.s.boot.SpringApplication - [, ] - Application run failed
org.springframework.context.ApplicationContextException: Unable to start web server
	at org.springframework.boot.web.server.servlet.context.ServletWebServerApplicationContext.onRefresh(ServletWebServerApplicationContext.java:167)
	at org.springframework.context.support.AbstractApplicationContext.refresh(AbstractApplicationContext.java:615)
	at org.springframework.boot.web.server.servlet.context.ServletWebServerApplicationContext.refresh(ServletWebServerApplicationContext.java:143)
	at org.springframework.boot.SpringApplication.refresh(SpringApplication.java:756)
	at org.springframework.boot.SpringApplication.refreshContext(SpringApplication.java:445)
	at org.springframework.boot.SpringApplication.run(SpringApplication.java:321)
	at org.springframework.boot.SpringApplication.run(SpringApplication.java:1365)
	at org.springframework.boot.SpringApplication.run(SpringApplication.java:1354)
	at com.codegravity.itconsultancy.ItConsultancyApplication.main(ItConsultancyApplication.java:10)
	at java.base/jdk.internal.reflect.DirectMethodHandleAccessor.invoke(DirectMethodHandleAccessor.java:103)
	at java.base/java.lang.reflect.Method.invoke(Method.java:580)
	at org.springframework.boot.devtools.restart.RestartLauncher.run(RestartLauncher.java:52)
Caused by: org.springframework.boot.web.server.WebServerException: Unable to start embedded Tomcat
	at org.springframework.boot.tomcat.TomcatWebServer.initialize(TomcatWebServer.java:150)
	at org.springframework.boot.tomcat.TomcatWebServer.<init>(TomcatWebServer.java:110)
	at org.springframework.boot.tomcat.servlet.TomcatServletWebServerFactory.getTomcatWebServer(TomcatServletWebServerFactory.java:408)
	at org.springframework.boot.tomcat.servlet.TomcatServletWebServerFactory.getWebServer(TomcatServletWebServerFactory.java:166)
	at org.springframework.boot.web.server.servlet.context.ServletWebServerApplicationContext.createWebServer(ServletWebServerApplicationContext.java:190)
	at org.springframework.boot.web.server.servlet.context.ServletWebServerApplicationContext.onRefresh(ServletWebServerApplicationContext.java:164)
	... 11 common frames omitted
Caused by: org.springframework.beans.factory.UnsatisfiedDependencyException: Error creating bean with name 'jwtAuthenticationFilter' defined in file [C:\Users\yraja\Desktop\it-consultancy\target\classes\com\codegravity\itconsultancy\security\JwtAuthenticationFilter.class]: Unsatisfied dependency expressed through constructor parameter 0: Error creating bean with name 'jwtTokenProvider': Injection of autowired dependencies failed
	at org.springframework.beans.factory.support.ConstructorResolver.createArgumentArray(ConstructorResolver.java:804)
	at org.springframework.beans.factory.support.ConstructorResolver.autowireConstructor(ConstructorResolver.java:240)
	at org.springframework.beans.factory.support.AbstractAutowireCapableBeanFactory.autowireConstructor(AbstractAutowireCapableBeanFactory.java:1382)
	at org.springframework.beans.factory.support.AbstractAutowireCapableBeanFactory.createBeanInstance(AbstractAutowireCapableBeanFactory.java:1221)
	at org.springframework.beans.factory.support.AbstractAutowireCapableBeanFactory.doCreateBean(AbstractAutowireCapableBeanFactory.java:565)
	at org.springframework.beans.factory.support.AbstractAutowireCapableBeanFactory.createBean(AbstractAutowireCapableBeanFactory.java:525)
	at org.springframework.beans.factory.support.AbstractBeanFactory.lambda$doGetBean$0(AbstractBeanFactory.java:333)
	at org.springframework.beans.factory.support.DefaultSingletonBeanRegistry.getSingleton(DefaultSingletonBeanRegistry.java:371)
	at org.springframework.beans.factory.support.AbstractBeanFactory.doGetBean(AbstractBeanFactory.java:331)
	at org.springframework.beans.factory.support.AbstractBeanFactory.getBean(AbstractBeanFactory.java:201)
	at org.springframework.boot.web.servlet.ServletContextInitializerBeans.getOrderedBeansOfType(ServletContextInitializerBeans.java:231)
	at org.springframework.boot.web.servlet.ServletContextInitializerBeans.addAsRegistrationBean(ServletContextInitializerBeans.java:185)
	at org.springframework.boot.web.servlet.ServletContextInitializerBeans.addAsRegistrationBean(ServletContextInitializerBeans.java:180)
	at org.springframework.boot.web.servlet.ServletContextInitializerBeans.addAdaptableBeans(ServletContextInitializerBeans.java:165)
	at org.springframework.boot.web.servlet.ServletContextInitializerBeans.<init>(ServletContextInitializerBeans.java:97)
	at org.springframework.boot.web.context.servlet.WebApplicationContextInitializer.initialize(WebApplicationContextInitializer.java:53)
	at org.springframework.boot.tomcat.servlet.DeferredServletContainerInitializers.onStartup(DeferredServletContainerInitializers.java:55)
	at org.apache.catalina.core.StandardContext.startInternal(StandardContext.java:4416)
	at org.apache.catalina.util.LifecycleBase.start(LifecycleBase.java:164)
	at org.apache.catalina.core.ContainerBase$StartChild.call(ContainerBase.java:1162)
	at org.apache.catalina.core.ContainerBase$StartChild.call(ContainerBase.java:1158)
	at java.base/java.util.concurrent.FutureTask.run(FutureTask.java:317)
	at org.apache.tomcat.util.threads.InlineExecutorService.execute(InlineExecutorService.java:81)
	at java.base/java.util.concurrent.AbstractExecutorService.submit(AbstractExecutorService.java:145)
	at org.apache.catalina.core.ContainerBase.startInternal(ContainerBase.java:714)
	at org.apache.catalina.core.StandardHost.startInternal(StandardHost.java:780)
	at org.apache.catalina.util.LifecycleBase.start(LifecycleBase.java:164)
	at org.apache.catalina.core.ContainerBase$StartChild.call(ContainerBase.java:1162)
	at org.apache.catalina.core.ContainerBase$StartChild.call(ContainerBase.java:1158)
	at java.base/java.util.concurrent.FutureTask.run(FutureTask.java:317)
	at org.apache.tomcat.util.threads.InlineExecutorService.execute(InlineExecutorService.java:81)
	at java.base/java.util.concurrent.AbstractExecutorService.submit(AbstractExecutorService.java:145)
	at org.apache.catalina.core.ContainerBase.startInternal(ContainerBase.java:714)
	at org.apache.catalina.core.StandardEngine.startInternal(StandardEngine.java:201)
	at org.apache.catalina.util.LifecycleBase.start(LifecycleBase.java:164)
	at org.apache.catalina.core.StandardService.startInternal(StandardService.java:410)
	at org.apache.catalina.util.LifecycleBase.start(LifecycleBase.java:164)
	at org.apache.catalina.core.StandardServer.startInternal(StandardServer.java:864)
	at org.apache.catalina.util.LifecycleBase.start(LifecycleBase.java:164)
	at org.apache.catalina.startup.Tomcat.start(Tomcat.java:435)
	at org.springframework.boot.tomcat.TomcatWebServer.initialize(TomcatWebServer.java:131)
	... 16 common frames omitted
Caused by: org.springframework.beans.factory.BeanCreationException: Error creating bean with name 'jwtTokenProvider': Injection of autowired dependencies failed
	at org.springframework.beans.factory.annotation.AutowiredAnnotationBeanPostProcessor.postProcessProperties(AutowiredAnnotationBeanPostProcessor.java:499)
	at org.springframework.beans.factory.support.AbstractAutowireCapableBeanFactory.populateBean(AbstractAutowireCapableBeanFactory.java:1446)
	at org.springframework.beans.factory.support.AbstractAutowireCapableBeanFactory.doCreateBean(AbstractAutowireCapableBeanFactory.java:602)
	at org.springframework.beans.factory.support.AbstractAutowireCapableBeanFactory.createBean(AbstractAutowireCapableBeanFactory.java:525)
	at org.springframework.beans.factory.support.AbstractBeanFactory.lambda$doGetBean$0(AbstractBeanFactory.java:333)
	at org.springframework.beans.factory.support.DefaultSingletonBeanRegistry.getSingleton(DefaultSingletonBeanRegistry.java:371)
	at org.springframework.beans.factory.support.AbstractBeanFactory.doGetBean(AbstractBeanFactory.java:331)
	at org.springframework.beans.factory.support.AbstractBeanFactory.getBean(AbstractBeanFactory.java:201)
	at org.springframework.beans.factory.support.DefaultListableBeanFactory.resolveBean(DefaultListableBeanFactory.java:1225)
	at org.springframework.beans.factory.support.DefaultListableBeanFactory.doResolveDependency(DefaultListableBeanFactory.java:1704)
	at org.springframework.beans.factory.support.DefaultListableBeanFactory.resolveDependency(DefaultListableBeanFactory.java:1651)
	at org.springframework.beans.factory.support.ConstructorResolver.resolveAutowiredArgument(ConstructorResolver.java:912)
	at org.springframework.beans.factory.support.ConstructorResolver.createArgumentArray(ConstructorResolver.java:791)
	... 56 common frames omitted
Caused by: org.springframework.util.PlaceholderResolutionException: Could not resolve placeholder 'JWT_SECRET' in value "${JWT_SECRET}" <-- "${app.jwt.secret}"
	at org.springframework.util.PlaceholderResolutionException.withValue(PlaceholderResolutionException.java:81)
	at org.springframework.util.PlaceholderParser$ParsedValue.resolve(PlaceholderParser.java:296)
	at org.springframework.util.PlaceholderParser.replacePlaceholders(PlaceholderParser.java:129)
	at org.springframework.util.PropertyPlaceholderHelper.replacePlaceholders(PropertyPlaceholderHelper.java:96)
	at org.springframework.core.env.AbstractPropertyResolver.doResolvePlaceholders(AbstractPropertyResolver.java:286)
	at org.springframework.core.env.AbstractPropertyResolver.resolveRequiredPlaceholders(AbstractPropertyResolver.java:257)
	at org.springframework.context.support.PropertySourcesPlaceholderConfigurer.lambda$processProperties$0(PropertySourcesPlaceholderConfigurer.java:184)
	at org.springframework.beans.factory.support.AbstractBeanFactory.resolveEmbeddedValue(AbstractBeanFactory.java:959)
	at org.springframework.beans.factory.support.DefaultListableBeanFactory.doResolveDependency(DefaultListableBeanFactory.java:1672)
	at org.springframework.beans.factory.support.DefaultListableBeanFactory.resolveDependency(DefaultListableBeanFactory.java:1651)
	at org.springframework.beans.factory.annotation.AutowiredAnnotationBeanPostProcessor$AutowiredFieldElement.resolveFieldValue(AutowiredAnnotationBeanPostProcessor.java:764)
	at org.springframework.beans.factory.annotation.AutowiredAnnotationBeanPostProcessor$AutowiredFieldElement.inject(AutowiredAnnotationBeanPostProcessor.java:748)
	at org.springframework.beans.factory.annotation.InjectionMetadata.inject(InjectionMetadata.java:146)
	at org.springframework.beans.factory.annotation.AutowiredAnnotationBeanPostProcessor.postProcessProperties(AutowiredAnnotationBeanPostProcessor.java:493)
	... 68 common frames omitted
2026-05-11 10:06:11.979 [restartedMain] INFO  c.c.i.ItConsultancyApplication - [, ] - Starting ItConsultancyApplication using Java 21.0.8 with PID 26936 (C:\Users\yraja\Desktop\it-consultancy\target\classes started by yraja in C:\Users\yraja\Desktop\it-consultancy)
2026-05-11 10:06:11.984 [restartedMain] DEBUG c.c.i.ItConsultancyApplication - [, ] - Running with Spring Boot v4.0.5, Spring v7.0.6
2026-05-11 10:06:11.984 [restartedMain] INFO  c.c.i.ItConsultancyApplication - [, ] - No active profile set, falling back to 1 default profile: "dev"
2026-05-11 10:06:12.076 [restartedMain] INFO  o.s.b.d.e.DevToolsPropertyDefaultsPostProcessor - [, ] - Devtools property defaults active! Set 'spring.devtools.add-properties' to 'false' to disable
2026-05-11 10:06:12.076 [restartedMain] INFO  o.s.b.d.e.DevToolsPropertyDefaultsPostProcessor - [, ] - For additional web related logging consider setting the 'logging.level.web' property to 'DEBUG'
2026-05-11 10:06:13.898 [restartedMain] INFO  o.s.d.r.c.RepositoryConfigurationDelegate - [, ] - Bootstrapping Spring Data JPA repositories in DEFAULT mode.
2026-05-11 10:06:14.022 [restartedMain] INFO  o.s.d.r.c.RepositoryConfigurationDelegate - [, ] - Finished Spring Data repository scanning in 103 ms. Found 5 JPA repository interfaces.
2026-05-11 10:06:15.094 [restartedMain] INFO  o.s.boot.tomcat.TomcatWebServer - [, ] - Tomcat initialized with port 8080 (http)
2026-05-11 10:06:15.115 [restartedMain] INFO  o.a.catalina.core.StandardService - [, ] - Starting service [Tomcat]
2026-05-11 10:06:15.116 [restartedMain] INFO  o.a.catalina.core.StandardEngine - [, ] - Starting Servlet engine: [Apache Tomcat/11.0.20]
2026-05-11 10:06:15.209 [restartedMain] INFO  o.s.b.w.c.s.WebApplicationContextInitializer - [, ] - Root WebApplicationContext: initialization completed in 3131 ms
2026-05-11 10:06:15.675 [restartedMain] INFO  org.hibernate.orm.jpa - [, ] - HHH008540: Processing PersistenceUnitInfo [name: default]
2026-05-11 10:06:15.800 [restartedMain] INFO  org.hibernate.orm.core - [, ] - HHH000001: Hibernate ORM core version 7.2.7.Final
2026-05-11 10:06:16.519 [restartedMain] INFO  o.s.o.j.p.SpringPersistenceUnitInfo - [, ] - No LoadTimeWeaver setup: ignoring JPA class transformer
2026-05-11 10:06:16.552 [restartedMain] INFO  com.zaxxer.hikari.HikariDataSource - [, ] - ItConsultancyPool - Starting...
2026-05-11 10:06:17.850 [restartedMain] INFO  com.zaxxer.hikari.pool.HikariPool - [, ] - ItConsultancyPool - Added connection com.mysql.cj.jdbc.ConnectionImpl@127bb1de
2026-05-11 10:06:17.852 [restartedMain] INFO  com.zaxxer.hikari.HikariDataSource - [, ] - ItConsultancyPool - Start completed.
2026-05-11 10:06:18.043 [restartedMain] WARN  org.hibernate.orm.deprecation - [, ] - HHH90000025: MySQLDialect does not need to be specified explicitly using 'hibernate.dialect' (remove the property setting and it will be selected by default)
2026-05-11 10:06:18.112 [restartedMain] INFO  o.hibernate.orm.connections.pooling - [, ] - HHH10001005: Database info:
	Database JDBC URL [jdbc:mysql://itconsultancy.coxw4u2o0c1v.us-east-1.rds.amazonaws.com:3306/itconsultancy_db]
	Database driver: MySQL Connector/J
	Database dialect: MySQLDialect
	Database version: 8.4.8
	Default catalog/schema: itconsultancy_db/undefined
	Autocommit mode: undefined/unknown
	Isolation level: REPEATABLE_READ [default REPEATABLE_READ]
	JDBC fetch size: none
	Pool: DataSourceConnectionProvider
	Minimum pool size: undefined/unknown
	Maximum pool size: undefined/unknown
2026-05-11 10:06:19.275 [restartedMain] INFO  org.hibernate.orm.core - [, ] - HHH000489: No JTA platform available (set 'hibernate.transaction.jta.platform' to enable JTA platform integration)
2026-05-11 10:06:21.174 [restartedMain] INFO  o.s.o.j.LocalContainerEntityManagerFactoryBean - [, ] - Initialized JPA EntityManagerFactory for persistence unit 'default'
2026-05-11 10:06:21.305 [restartedMain] INFO  o.s.d.j.r.q.QueryEnhancerFactories - [, ] - Hibernate is in classpath; If applicable, HQL parser will be used.
2026-05-11 10:06:21.678 [restartedMain] DEBUG c.c.i.s.JwtAuthenticationFilter - [, ] - Filter 'jwtAuthenticationFilter' configured for use
2026-05-11 10:06:21.767 [restartedMain] INFO  o.s.s.c.a.a.c.InitializeAuthenticationProviderBeanManagerConfigurer$InitializeAuthenticationProviderManagerConfigurer - [, ] - Global AuthenticationManager configured with AuthenticationProvider bean with name authenticationProvider
2026-05-11 10:06:21.767 [restartedMain] WARN  o.s.s.c.a.a.c.InitializeUserDetailsBeanManagerConfigurer$InitializeUserDetailsManagerConfigurer - [, ] - Global AuthenticationManager configured with an AuthenticationProvider bean. UserDetailsService beans will not be used by Spring Security for automatically configuring username/password login. Consider removing the AuthenticationProvider bean. Alternatively, consider using the UserDetailsService in a manually instantiated DaoAuthenticationProvider. If the current configuration is intentional, to turn off this warning, increase the logging level of 'org.springframework.security.config.annotation.authentication.configuration.InitializeUserDetailsBeanManagerConfigurer' to ERROR
2026-05-11 10:06:22.926 [restartedMain] DEBUG o.f.c.i.s.classpath.ClassPathScanner - [, ] - Scanning for classpath resources at 'classpath:db/callback' ...
2026-05-11 10:06:22.926 [restartedMain] DEBUG o.f.c.i.s.classpath.ClassPathScanner - [, ] - Determining location urls for classpath:db/callback using ClassLoader org.springframework.boot.devtools.restart.classloader.RestartClassLoader@22a9e90d ...
2026-05-11 10:06:22.926 [restartedMain] DEBUG o.f.c.i.s.classpath.ClassPathScanner - [, ] - Unable to resolve location classpath:db/callback.
2026-05-11 10:06:22.926 [restartedMain] DEBUG o.f.c.i.s.classpath.ClassPathScanner - [, ] - Scanning for classpath resources at 'classpath:db/migration' ...
2026-05-11 10:06:22.926 [restartedMain] DEBUG o.f.c.i.s.classpath.ClassPathScanner - [, ] - Determining location urls for classpath:db/migration using ClassLoader org.springframework.boot.devtools.restart.classloader.RestartClassLoader@22a9e90d ...
2026-05-11 10:06:22.926 [restartedMain] DEBUG o.f.c.i.s.classpath.ClassPathScanner - [, ] - Scanning URL: file:/C:/Users/yraja/Desktop/it-consultancy/target/classes/db/migration
2026-05-11 10:06:22.928 [restartedMain] DEBUG o.f.c.i.s.c.FileSystemClassPathLocationScanner - [, ] - Scanning starting at classpath root in filesystem: C:\Users\yraja\Desktop\it-consultancy\target\classes\
2026-05-11 10:06:22.928 [restartedMain] DEBUG o.f.c.i.s.c.FileSystemClassPathLocationScanner - [, ] - Scanning for resources in path: C:\Users\yraja\Desktop\it-consultancy\target\classes\db\migration (db/migration)
2026-05-11 10:06:22.930 [restartedMain] DEBUG o.f.c.i.s.classpath.ClassPathScanner - [, ] - Found resource: db/migration/V1__init_schema.sql
2026-05-11 10:06:22.930 [restartedMain] DEBUG o.f.c.i.s.classpath.ClassPathScanner - [, ] - Found resource: db/migration/V2__add_jwt_and_rbac.sql
2026-05-11 10:06:22.932 [restartedMain] DEBUG o.f.c.i.s.classpath.ClassPathScanner - [, ] - Scanning for classpath resources at 'classpath:db/migration' ...
2026-05-11 10:06:22.932 [restartedMain] DEBUG o.f.c.i.s.classpath.ClassPathScanner - [, ] - Determining location urls for classpath:db/migration using ClassLoader org.springframework.boot.devtools.restart.classloader.RestartClassLoader@22a9e90d ...
2026-05-11 10:06:22.932 [restartedMain] DEBUG o.f.c.i.s.classpath.ClassPathScanner - [, ] - Scanning URL: file:/C:/Users/yraja/Desktop/it-consultancy/target/classes/db/migration
2026-05-11 10:06:22.933 [restartedMain] DEBUG o.f.c.i.s.classpath.ClassPathScanner - [, ] - Found resource: db/migration/V1__init_schema.sql
2026-05-11 10:06:22.933 [restartedMain] DEBUG o.f.c.i.s.classpath.ClassPathScanner - [, ] - Found resource: db/migration/V2__add_jwt_and_rbac.sql
2026-05-11 10:06:22.933 [restartedMain] DEBUG o.f.c.i.s.classpath.ClassPathScanner - [, ] - Scanning for classes at classpath:db/migration
2026-05-11 10:06:23.045 [restartedMain] DEBUG o.f.c.i.r.ResourceNameValidator - [, ] - Validating V1__init_schema.sql
2026-05-11 10:06:23.046 [restartedMain] DEBUG o.f.c.i.r.ResourceNameValidator - [, ] - Validating V2__add_jwt_and_rbac.sql
2026-05-11 10:06:23.156 [restartedMain] INFO  org.flywaydb.core.FlywayExecutor - [, ] - Database: jdbc:mysql://itconsultancy.coxw4u2o0c1v.us-east-1.rds.amazonaws.com:3306/itconsultancy_db (MySQL 8.4)
2026-05-11 10:06:23.156 [restartedMain] DEBUG org.flywaydb.core.FlywayExecutor - [, ] - Database Type: MySQL
2026-05-11 10:06:23.156 [restartedMain] DEBUG org.flywaydb.core.FlywayExecutor - [, ] - Driver: MySQL Connector/J mysql-connector-j-9.6.0 (Revision: fdef61f4af21fa9e0ac334ff0664ec754c164cc0)
2026-05-11 10:06:23.156 [restartedMain] DEBUG org.flywaydb.core.FlywayExecutor - [, ] - DDL Transactions Supported: false
2026-05-11 10:06:23.159 [restartedMain] DEBUG o.f.c.i.s.SchemaHistoryFactory - [, ] - Schemas: 
2026-05-11 10:06:23.159 [restartedMain] DEBUG o.f.c.i.s.SchemaHistoryFactory - [, ] - Default schema: null
2026-05-11 10:06:23.593 [restartedMain] WARN  o.f.c.i.database.base.Database - [, ] - Using MySQL 8.4 which is newer than the version Flyway has been verified with. The latest verified version of MySQL is 8.1.
2026-05-11 10:06:23.605 [restartedMain] DEBUG org.flywaydb.core.FlywayExecutor - [, ] - Scanning for script callbacks ...
2026-05-11 10:06:23.612 [restartedMain] DEBUG o.f.c.i.c.SqlScriptCallbackFactory - [, ] - Scanning for SQL callbacks ...
2026-05-11 10:06:23.667 [restartedMain] DEBUG o.f.core.internal.command.DbValidate - [, ] - Validating migrations ...
2026-05-11 10:06:23.718 [restartedMain] DEBUG o.f.c.a.c.ClassicConfiguration - [, ] - CherryPickConfigurationExtension not found
2026-05-11 10:06:23.741 [restartedMain] DEBUG o.f.core.internal.scanner.Scanner - [, ] - Filtering out resource: db/migration/V1__init_schema.sql (filename: V1__init_schema.sql)
2026-05-11 10:06:23.741 [restartedMain] DEBUG o.f.core.internal.scanner.Scanner - [, ] - Filtering out resource: db/migration/V2__add_jwt_and_rbac.sql (filename: V2__add_jwt_and_rbac.sql)
2026-05-11 10:06:23.742 [restartedMain] DEBUG o.f.core.internal.scanner.Scanner - [, ] - Filtering out resource: db/migration/V1__init_schema.sql (filename: V1__init_schema.sql)
2026-05-11 10:06:23.742 [restartedMain] DEBUG o.f.core.internal.scanner.Scanner - [, ] - Filtering out resource: db/migration/V2__add_jwt_and_rbac.sql (filename: V2__add_jwt_and_rbac.sql)
2026-05-11 10:06:23.744 [restartedMain] DEBUG o.f.core.internal.scanner.Scanner - [, ] - Filtering out resource: db/migration/V1__init_schema.sql (filename: V1__init_schema.sql)
2026-05-11 10:06:23.745 [restartedMain] DEBUG o.f.core.internal.scanner.Scanner - [, ] - Filtering out resource: db/migration/V2__add_jwt_and_rbac.sql (filename: V2__add_jwt_and_rbac.sql)
2026-05-11 10:06:23.745 [restartedMain] DEBUG o.f.core.internal.scanner.Scanner - [, ] - Filtering out resource: db/migration/V1__init_schema.sql (filename: V1__init_schema.sql)
2026-05-11 10:06:23.745 [restartedMain] DEBUG o.f.core.internal.scanner.Scanner - [, ] - Filtering out resource: db/migration/V2__add_jwt_and_rbac.sql (filename: V2__add_jwt_and_rbac.sql)
2026-05-11 10:06:24.056 [restartedMain] INFO  o.f.core.internal.command.DbValidate - [, ] - Successfully validated 3 migrations (execution time 00:00.386s)
2026-05-11 10:06:24.150 [restartedMain] DEBUG o.f.core.internal.command.DbSchemas - [, ] - Skipping creation of existing schema: `itconsultancy_db`
2026-05-11 10:06:24.525 [restartedMain] DEBUG o.f.c.a.c.ClassicConfiguration - [, ] - CherryPickConfigurationExtension not found
2026-05-11 10:06:24.715 [restartedMain] INFO  o.f.core.internal.command.DbMigrate - [, ] - Current version of schema `itconsultancy_db`: 2
2026-05-11 10:06:24.768 [restartedMain] INFO  o.f.core.internal.command.DbMigrate - [, ] - Schema `itconsultancy_db` is up to date. No migration necessary.
2026-05-11 10:06:25.108 [restartedMain] DEBUG org.flywaydb.core.FlywayExecutor - [, ] - Memory usage: 43 of 84M
2026-05-11 10:06:26.474 [restartedMain] INFO  o.s.b.a.e.web.EndpointLinksResolver - [, ] - Exposing 2 endpoints beneath base path '/actuator'
2026-05-11 10:06:26.588 [restartedMain] INFO  o.s.boot.tomcat.TomcatWebServer - [, ] - Tomcat started on port 8080 (http) with context path '/'
2026-05-11 10:06:26.598 [restartedMain] INFO  c.c.i.ItConsultancyApplication - [, ] - Started ItConsultancyApplication in 15.451 seconds (process running for 16.176)
2026-05-11 10:06:29.970 [SpringApplicationShutdownHook] INFO  o.s.boot.tomcat.GracefulShutdown - [, ] - Commencing graceful shutdown. Waiting for active requests to complete
2026-05-11 10:06:29.977 [tomcat-shutdown] INFO  o.s.boot.tomcat.GracefulShutdown - [, ] - Graceful shutdown complete
2026-05-11 10:06:29.986 [SpringApplicationShutdownHook] INFO  o.s.o.j.LocalContainerEntityManagerFactoryBean - [, ] - Closing JPA EntityManagerFactory for persistence unit 'default'
2026-05-11 10:06:29.995 [SpringApplicationShutdownHook] INFO  com.zaxxer.hikari.HikariDataSource - [, ] - ItConsultancyPool - Shutdown initiated...
2026-05-11 10:06:30.047 [SpringApplicationShutdownHook] INFO  com.zaxxer.hikari.HikariDataSource - [, ] - ItConsultancyPool - Shutdown completed.
